
Date=[12-26-2006]
Time=[12:17:35]
Error number=[52]
Error source=[HexEditor]
Error description=[Nom ou numéro de fichier incorrect]
Error zone=[Pfm.OpenFile]

Date=[12-26-2006]
Time=[12:17:35]
Error number=[52]
Error source=[HexEditor]
Error description=[Nom ou numéro de fichier incorrect]
Error zone=[Pfm.OpenFile]

Date=[12-26-2006]
Time=[12:17:36]
Error number=[52]
Error source=[HexEditor]
Error description=[Nom ou numéro de fichier incorrect]
Error zone=[Pfm.OpenFile]

Date=[12-26-2006]
Time=[12:17:36]
Error number=[52]
Error source=[HexEditor]
Error description=[Nom ou numéro de fichier incorrect]
Error zone=[Pfm.OpenFile]

Date=[12-26-2006]
Time=[12:17:36]
Error number=[52]
Error source=[HexEditor]
Error description=[Nom ou numéro de fichier incorrect]
Error zone=[Pfm.OpenFile]

Date=[12-26-2006]
Time=[12:17:36]
Error number=[52]
Error source=[HexEditor]
Error description=[Nom ou numéro de fichier incorrect]
Error zone=[Pfm.OpenFile]

Date=[12-26-2006]
Time=[12:17:36]
Error number=[52]
Error source=[HexEditor]
Error description=[Nom ou numéro de fichier incorrect]
Error zone=[Pfm.OpenFile]

Date=[12-26-2006]
Time=[12:17:36]
Error number=[52]
Error source=[HexEditor]
Error description=[Nom ou numéro de fichier incorrect]
Error zone=[Pfm.OpenFile]

Date=[12-26-2006]
Time=[15:04:51]
Error number=[339]
Error source=[HexEditor]
Error description=[Le composant 'FileView_OCX.ocx'ou une de ses dépendances n'est pas correctement enregistré: un fichier est absent ou incorrect]
Error zone=[Demarrage.Main]

Date=[12-26-2006]
Time=[15:04:54]
Error number=[339]
Error source=[HexEditor]
Error description=[Le composant 'FileView_OCX.ocx'ou une de ses dépendances n'est pas correctement enregistré: un fichier est absent ou incorrect]
Error zone=[Demarrage.Main]

Date=[12-26-2006]
Time=[15:04:59]
Error number=[339]
Error source=[HexEditor]
Error description=[Le composant 'FileView_OCX.ocx'ou une de ses dépendances n'est pas correctement enregistré: un fichier est absent ou incorrect]
Error zone=[Demarrage.Main]

Date=[12-26-2006]
Time=[17:56:34]
Error number=[339]
Error source=[HexEditor]
Error description=[Le composant 'ExtendedVScrollbar_OCX.ocx'ou une de ses dépendances n'est pas correctement enregistré: un fichier est absent ou incorrect]
Error zone=[Pfm.GetFile]

Date=[12-26-2006]
Time=[17:56:54]
Error number=[339]
Error source=[HexEditor]
Error description=[Le composant 'ExtendedVScrollbar_OCX.ocx'ou une de ses dépendances n'est pas correctement enregistré: un fichier est absent ou incorrect]
Error zone=[Pfm.GetFile]

Date=[12-26-2006]
Time=[17:57:11]
Error number=[339]
Error source=[HexEditor]
Error description=[Le composant 'ExtendedVScrollbar_OCX.ocx'ou une de ses dépendances n'est pas correctement enregistré: un fichier est absent ou incorrect]
Error zone=[Pfm.GetFile]

Date=[12-26-2006]
Time=[17:57:21]
Error number=[339]
Error source=[HexEditor]
Error description=[Le composant 'ExtendedVScrollbar_OCX.ocx'ou une de ses dépendances n'est pas correctement enregistré: un fichier est absent ou incorrect]
Error zone=[Pfm.GetFile]

Date=[12-31-2006]
Time=[23:08:21]
Error number=[5]
Error source=[HexEditor]
Error description=[Argument ou appel de procédure incorrect]
Error zone=[Demarrage.Main]

Date=[01-02-2007]
Time=[12:19:30]
Error number=[339]
Error source=[HexEditor]
Error description=[Le composant 'FileView_OCX.ocx'ou une de ses dépendances n'est pas correctement enregistré: un fichier est absent ou incorrect]
Error zone=[Demarrage.Main]

Date=[01-02-2007]
Time=[12:19:31]
Error number=[339]
Error source=[HexEditor]
Error description=[Le composant 'FileView_OCX.ocx'ou une de ses dépendances n'est pas correctement enregistré: un fichier est absent ou incorrect]
Error zone=[Demarrage.Main]

Date=[01-02-2007]
Time=[13:19:18]
Error number=[339]
Error source=[HexEditor]
Error description=[Le composant 'FileView_OCX.ocx'ou une de ses dépendances n'est pas correctement enregistré: un fichier est absent ou incorrect]
Error zone=[Demarrage.Main]

Date=[01-02-2007]
Time=[13:19:21]
Error number=[339]
Error source=[HexEditor]
Error description=[Le composant 'FileView_OCX.ocx'ou une de ses dépendances n'est pas correctement enregistré: un fichier est absent ou incorrect]
Error zone=[Demarrage.Main]

Date=[01-16-2007]
Time=[20:27:04]
Error number=[438]
Error source=[LanguageTranslator]
Error description=[L'objet ne gère pas cette propriété ou cette méthode]
Error zone=[mnuHelp_Click]

Date=[01-16-2007]
Time=[23:05:08]
Error number=[339]
Error source=[HexEditor]
Error description=[Le composant 'LanguageTranslator.ocx'ou une de ses dépendances n'est pas correctement enregistré: un fichier est absent ou incorrect]
Error zone=[Demarrage.Main]

Date=[01-16-2007]
Time=[23:05:10]
Error number=[339]
Error source=[HexEditor]
Error description=[Le composant 'LanguageTranslator.ocx'ou une de ses dépendances n'est pas correctement enregistré: un fichier est absent ou incorrect]
Error zone=[Demarrage.Main]

Date=[01-16-2007]
Time=[23:30:43]
Error number=[0]
Error source=[]
Error description=[]
Error zone=[mnuHelp_Click]

Date=[01-16-2007]
Time=[23:30:58]
Error number=[0]
Error source=[]
Error description=[]
Error zone=[mnuHelp_Click]

Date=[01-16-2007]
Time=[23:31:03]
Error number=[0]
Error source=[]
Error description=[]
Error zone=[mnuHelp_Click]

Date=[01-16-2007]
Time=[23:31:05]
Error number=[0]
Error source=[]
Error description=[]
Error zone=[mnuHelp_Click]

Date=[01-30-2007]
Time=[18:54:01]
Error number=[339]
Error source=[HexEditor]
Error description=[Le composant 'LanguageTranslator.ocx'ou une de ses dépendances n'est pas correctement enregistré: un fichier est absent ou incorrect]
Error zone=[Demarrage.Main]

Date=[01-30-2007]
Time=[18:54:08]
Error number=[339]
Error source=[HexEditor]
Error description=[Le composant 'FileView_OCX.ocx'ou une de ses dépendances n'est pas correctement enregistré: un fichier est absent ou incorrect]
Error zone=[Demarrage.Main]

Date=[02-06-2007]
Time=[21:45:41]
Error number=[6]
Error source=[HexEditor]
Error description=[Dépassement de capacité]
Error zone=[diskPfm.VS_Change]

Date=[02-08-2007]
Time=[16:25:23]
Error number=[6]
Error source=[HexEditor]
Error description=[Dépassement de capacité]
Error zone=[diskPfm.VS_Change]

Date=[02-08-2007]
Time=[16:49:56]
Error number=[52]
Error source=[HexEditor]
Error description=[Nom ou numéro de fichier incorrect]
Error zone=[Pfm.DeleteZone]
