
Date=[02-04-2007]
Time=[17:03:25]
Error number=[5]
Error source=[HexEditor]
Error description=[Argument ou appel de procédure incorrect]
Error zone=[Pfm.OpenFile]

Date=[02-04-2007]
Time=[17:03:25]
Error number=[5]
Error source=[HexEditor]
Error description=[Argument ou appel de procédure incorrect]
Error zone=[Pfm.OpenFile]

Date=[02-04-2007]
Time=[17:03:52]
Error number=[5]
Error source=[HexEditor]
Error description=[Argument ou appel de procédure incorrect]
Error zone=[Pfm.OpenFile]

Date=[02-04-2007]
Time=[17:03:53]
Error number=[5]
Error source=[HexEditor]
Error description=[Argument ou appel de procédure incorrect]
Error zone=[Pfm.OpenFile]

Date=[02-04-2007]
Time=[17:03:53]
Error number=[5]
Error source=[HexEditor]
Error description=[Argument ou appel de procédure incorrect]
Error zone=[Pfm.OpenFile]

Date=[02-04-2007]
Time=[17:06:30]
Error number=[5]
Error source=[HexEditor]
Error description=[Argument ou appel de procédure incorrect]
Error zone=[Pfm.OpenFile]

Date=[02-04-2007]
Time=[17:07:37]
Error number=[5]
Error source=[HexEditor]
Error description=[Argument ou appel de procédure incorrect]
Error zone=[Pfm.OpenFile]

Date=[02-04-2007]
Time=[17:07:37]
Error number=[5]
Error source=[HexEditor]
Error description=[Argument ou appel de procédure incorrect]
Error zone=[Pfm.OpenFile]

Date=[02-04-2007]
Time=[17:07:37]
Error number=[5]
Error source=[HexEditor]
Error description=[Argument ou appel de procédure incorrect]
Error zone=[Pfm.OpenFile]

Date=[02-04-2007]
Time=[17:07:38]
Error number=[5]
Error source=[HexEditor]
Error description=[Argument ou appel de procédure incorrect]
Error zone=[Pfm.OpenFile]

Date=[02-04-2007]
Time=[17:08:36]
Error number=[5]
Error source=[HexEditor]
Error description=[Argument ou appel de procédure incorrect]
Error zone=[Pfm.OpenFile]

Date=[02-04-2007]
Time=[17:08:46]
Error number=[5]
Error source=[HexEditor]
Error description=[Argument ou appel de procédure incorrect]
Error zone=[Pfm.OpenFile]

Date=[02-04-2007]
Time=[17:10:10]
Error number=[5]
Error source=[HexEditor]
Error description=[Argument ou appel de procédure incorrect]
Error zone=[Pfm.OpenFile]

Date=[02-04-2007]
Time=[18:02:25]
Error number=[5]
Error source=[HexEditor]
Error description=[Argument ou appel de procédure incorrect]
Error zone=[Pfm.OpenFile]

Date=[02-04-2007]
Time=[18:03:22]
Error number=[5]
Error source=[HexEditor]
Error description=[Argument ou appel de procédure incorrect]
Error zone=[Pfm.OpenFile]

Date=[02-04-2007]
Time=[18:03:25]
Error number=[5]
Error source=[HexEditor]
Error description=[Argument ou appel de procédure incorrect]
Error zone=[Pfm.OpenFile]

Date=[02-04-2007]
Time=[18:13:11]
Error number=[5]
Error source=[HexEditor]
Error description=[Argument ou appel de procédure incorrect]
Error zone=[Pfm.OpenFile]

Date=[02-04-2007]
Time=[18:13:13]
Error number=[5]
Error source=[HexEditor]
Error description=[Argument ou appel de procédure incorrect]
Error zone=[Pfm.OpenFile]

Date=[02-04-2007]
Time=[18:13:19]
Error number=[5]
Error source=[HexEditor]
Error description=[Argument ou appel de procédure incorrect]
Error zone=[Pfm.OpenFile]

Date=[02-07-2007]
Time=[19:33:50]
Error number=[6]
Error source=[HexEditor]
Error description=[Dépassement de capacité]
Error zone=[diskPfm.VS_Change]

Date=[02-07-2007]
Time=[20:13:59]
Error number=[6]
Error source=[HexEditor]
Error description=[Dépassement de capacité]
Error zone=[diskPfm.VS_Change]

Date=[02-07-2007]
Time=[23:18:06]
Error number=[52]
Error source=[HexEditor]
Error description=[Nom ou numéro de fichier incorrect]
Error zone=[Pfm.DeleteZone]

Date=[02-07-2007]
Time=[23:18:15]
Error number=[52]
Error source=[HexEditor]
Error description=[Nom ou numéro de fichier incorrect]
Error zone=[Pfm.DeleteZone]

Date=[02-07-2007]
Time=[23:18:47]
Error number=[52]
Error source=[HexEditor]
Error description=[Nom ou numéro de fichier incorrect]
Error zone=[Pfm.DeleteZone]

Date=[02-07-2007]
Time=[23:22:50]
Error number=[76]
Error source=[LanguageTranslator]
Error description=[Chemin d'accès introuvable]
Error zone=[mnuHelp_Click]

Date=[02-07-2007]
Time=[23:23:01]
Error number=[76]
Error source=[LanguageTranslator]
Error description=[Chemin d'accès introuvable]
Error zone=[mnuHelp_Click]
